#
# There is insufficient memory for the Java Runtime Environment to continue.
# Native memory allocation (mmap) failed to map 65536 bytes for Failed to commit metaspace.
# Possible reasons:
#   The system is out of physical RAM or swap space
#   The process is running with CompressedOops enabled, and the Java Heap may be blocking the growth of the native heap
# Possible solutions:
#   Reduce memory load on the system
#   Increase physical memory or swap space
#   Check if swap backing store is full
#   Decrease Java heap size (-Xmx/-Xms)
#   Decrease number of Java threads
#   Decrease Java thread stack sizes (-Xss)
#   Set larger code cache with -XX:ReservedCodeCacheSize=
#   JVM is running with Unscaled Compressed Oops mode in which the Java heap is
#     placed in the first 4GB address space. The Java Heap base address is the
#     maximum limit for the native heap growth. Please use -XX:HeapBaseMinAddress
#     to set the Java Heap base and to place the Java Heap above 4GB virtual address.
# This output file may be truncated or incomplete.
#
#  Out of Memory Error (virtualSpaceNode.cpp:110), pid=3356, tid=11040
#
# JRE version: OpenJDK Runtime Environment Temurin-17.0.4.1+1 (17.0.4.1+1) (build 17.0.4.1+1)
# Java VM: OpenJDK 64-Bit Server VM Temurin-17.0.4.1+1 (17.0.4.1+1, mixed mode, emulated-client, tiered, compressed oops, compressed class ptrs, g1 gc, windows-amd64)
# No core dump will be written. Minidumps are not enabled by default on client versions of Windows
#

---------------  S U M M A R Y ------------

Command Line: -Dcom.sun.management.jmxremote -Dcom.sun.management.jmxremote.port=50307 -Dcom.sun.management.jmxremote.authenticate=false -Dcom.sun.management.jmxremote.ssl=false -Djava.rmi.server.hostname=localhost -Dspring.jmx.enabled=true -Dspring.application.admin.enabled=true -XX:TieredStopAtLevel=1 -Dspring.boot.project.name=spring-eureka -Dfile.encoding=UTF-8 -XX:+ShowCodeDetailsInExceptionMessages com.elildes.spring.SpringEurekaApplication --spring.output.ansi.enabled=always

Host: Intel(R) Core(TM) i3-5005U CPU @ 2.00GHz, 4 cores, 3G,  Windows 10 , 64 bit Build 19041 (10.0.19041.2251)
Time: Sun Dec 11 23:44:36 2022 Hora Padrão de Buenos Aires elapsed time: 0.589745 seconds (0d 0h 0m 0s)

---------------  T H R E A D  ---------------

Current thread (0x000001e7ad9b1770):  JavaThread "main" [_thread_in_vm, id=11040, stack(0x00000059ccf00000,0x00000059cd000000)]

Stack: [0x00000059ccf00000,0x00000059cd000000]
Native frames: (J=compiled Java code, j=interpreted, Vv=VM code, C=native code)
V  [jvm.dll+0x67731a]
V  [jvm.dll+0x832284]
V  [jvm.dll+0x833a2e]
V  [jvm.dll+0x834093]
V  [jvm.dll+0x245775]
V  [jvm.dll+0x82e22b]
V  [jvm.dll+0x61bdf6]
V  [jvm.dll+0x61be5a]
V  [jvm.dll+0x61e67a]
V  [jvm.dll+0x61c796]
V  [jvm.dll+0x62d589]
V  [jvm.dll+0x6268b4]
V  [jvm.dll+0x37fb01]
C  0x000001e7b107cdc3

Java frames: (J=compiled Java code, j=interpreted, Vv=VM code)
j  jdk.internal.misc.Unsafe.putLong(Ljava/lang/Object;JJ)V+0 java.base@17.0.4.1
j  jdk.internal.misc.ScopedMemoryAccess.putLongInternal(Ljdk/internal/misc/ScopedMemoryAccess$Scope;Ljava/lang/Object;JJ)V+17 java.base@17.0.4.1
j  jdk.internal.misc.ScopedMemoryAccess.putLong(Ljdk/internal/misc/ScopedMemoryAccess$Scope;Ljava/lang/Object;JJ)V+6 java.base@17.0.4.1
j  java.nio.DirectLongBufferU.put(IJ)Ljava/nio/LongBuffer;+18 java.base@17.0.4.1
j  jdk.internal.perf.PerfCounter.add(J)V+13 java.base@17.0.4.1
j  jdk.internal.perf.PerfCounter.addElapsedTimeFrom(J)V+6 java.base@17.0.4.1
j  java.util.zip.ZipFile.<init>(Ljava/io/File;ILjava/nio/charset/Charset;)V+134 java.base@17.0.4.1
j  java.util.zip.ZipFile.<init>(Ljava/io/File;I)V+6 java.base@17.0.4.1
j  java.util.jar.JarFile.<init>(Ljava/io/File;ZILjava/lang/Runtime$Version;)V+3 java.base@17.0.4.1
j  jdk.internal.loader.URLClassPath$JarLoader.getJarFile(Ljava/net/URL;)Ljava/util/jar/JarFile;+56 java.base@17.0.4.1
j  jdk.internal.loader.URLClassPath$JarLoader$1.run()Ljava/lang/Void;+55 java.base@17.0.4.1
j  jdk.internal.loader.URLClassPath$JarLoader$1.run()Ljava/lang/Object;+1 java.base@17.0.4.1
j  java.security.AccessController.executePrivileged(Ljava/security/PrivilegedExceptionAction;Ljava/security/AccessControlContext;Ljava/lang/Class;)Ljava/lang/Object;+29 java.base@17.0.4.1
j  java.security.AccessController.doPrivileged(Ljava/security/PrivilegedExceptionAction;Ljava/security/AccessControlContext;)Ljava/lang/Object;+13 java.base@17.0.4.1
j  jdk.internal.loader.URLClassPath$JarLoader.ensureOpen()V+19 java.base@17.0.4.1
j  jdk.internal.loader.URLClassPath$JarLoader.<init>(Ljava/net/URL;Ljava/net/URLStreamHandler;Ljava/util/HashMap;Ljava/security/AccessControlContext;)V+63 java.base@17.0.4.1
j  jdk.internal.loader.URLClassPath$3.run()Ljdk/internal/loader/URLClassPath$Loader;+168 java.base@17.0.4.1
j  jdk.internal.loader.URLClassPath$3.run()Ljava/lang/Object;+1 java.base@17.0.4.1
j  java.security.AccessController.executePrivileged(Ljava/security/PrivilegedExceptionAction;Ljava/security/AccessControlContext;Ljava/lang/Class;)Ljava/lang/Object;+29 java.base@17.0.4.1
j  java.security.AccessController.doPrivileged(Ljava/security/PrivilegedExceptionAction;Ljava/security/AccessControlContext;)Ljava/lang/Object;+13 java.base@17.0.4.1
j  jdk.internal.loader.URLClassPath.getLoader(Ljava/net/URL;)Ljdk/internal/loader/URLClassPath$Loader;+13 java.base@17.0.4.1
j  jdk.internal.loader.URLClassPath.getLoader(I)Ljdk/internal/loader/URLClassPath$Loader;+81 java.base@17.0.4.1
j  jdk.internal.loader.URLClassPath$1.next()Z+24 java.base@17.0.4.1
j  jdk.internal.loader.URLClassPath$1.hasMoreElements()Z+1 java.base@17.0.4.1
j  jdk.internal.loader.BuiltinClassLoader$1.hasNext()Z+43 java.base@17.0.4.1
j  jdk.internal.loader.BuiltinClassLoader$1.hasMoreElements()Z+1 java.base@17.0.4.1
j  java.lang.CompoundEnumeration.next()Z+33 java.base@17.0.4.1
j  java.lang.CompoundEnumeration.hasMoreElements()Z+1 java.base@17.0.4.1
j  java.util.ServiceLoader$LazyClassPathLookupIterator.nextProviderClass()Ljava/lang/Class;+152 java.base@17.0.4.1
j  java.util.ServiceLoader$LazyClassPathLookupIterator.hasNextService()Z+15 java.base@17.0.4.1
j  java.util.ServiceLoader$LazyClassPathLookupIterator.hasNext()Z+11 java.base@17.0.4.1
j  java.util.ServiceLoader$2.hasNext()Z+16 java.base@17.0.4.1
j  java.util.ServiceLoader$3.hasNext()Z+32 java.base@17.0.4.1
j  jdk.internal.logger.BootstrapLogger$DetectBackend$1.run()Ljdk/internal/logger/BootstrapLogger$LoggingBackend;+13 java.base@17.0.4.1
j  jdk.internal.logger.BootstrapLogger$DetectBackend$1.run()Ljava/lang/Object;+1 java.base@17.0.4.1
j  java.security.AccessController.executePrivileged(Ljava/security/PrivilegedAction;Ljava/security/AccessControlContext;Ljava/lang/Class;)Ljava/lang/Object;+29 java.base@17.0.4.1
j  java.security.AccessController.doPrivileged(Ljava/security/PrivilegedAction;)Ljava/lang/Object;+5 java.base@17.0.4.1
j  jdk.internal.logger.BootstrapLogger$DetectBackend.<clinit>()V+7 java.base@17.0.4.1
v  ~StubRoutines::call_stub
j  jdk.internal.logger.BootstrapLogger.useLazyLoggers()Z+6 java.base@17.0.4.1
j  jdk.internal.logger.LazyLoggers.getLazyLogger(Ljava/lang/String;Ljava/lang/Module;)Ljava/lang/System$Logger;+0 java.base@17.0.4.1
j  jdk.internal.logger.LazyLoggers.getLogger(Ljava/lang/String;Ljava/lang/Module;)Ljava/lang/System$Logger;+9 java.base@17.0.4.1
j  java.lang.System.getLogger(Ljava/lang/String;)Ljava/lang/System$Logger;+29 java.base@17.0.4.1
j  sun.management.jmxremote.ConnectorBootstrap.<clinit>()V+9 jdk.management.agent@17.0.4.1
v  ~StubRoutines::call_stub
j  jdk.internal.agent.Agent.startAgent(Ljava/util/Properties;)V+48 jdk.management.agent@17.0.4.1
j  jdk.internal.agent.Agent.startAgent()V+20 jdk.management.agent@17.0.4.1
v  ~StubRoutines::call_stub

---------------  P R O C E S S  ---------------

Threads class SMR info:
_java_thread_list=0x000001e7b956b9b0, length=12, elements={
0x000001e7ad9b1770, 0x000001e7b88620c0, 0x000001e7b8863c60, 0x000001e7b88806b0,
0x000001e7b8880e40, 0x000001e7b8881d70, 0x000001e7b88be010, 0x000001e7b88c2180,
0x000001e7b88c45e0, 0x000001e7ada61910, 0x000001e7b94cb070, 0x000001e7b9590ed0
}

Java Threads: ( => current thread )
=>0x000001e7ad9b1770 JavaThread "main" [_thread_in_vm, id=11040, stack(0x00000059ccf00000,0x00000059cd000000)]
  0x000001e7b88620c0 JavaThread "Reference Handler" daemon [_thread_blocked, id=8672, stack(0x00000059cd600000,0x00000059cd700000)]
  0x000001e7b8863c60 JavaThread "Finalizer" daemon [_thread_blocked, id=8160, stack(0x00000059cd700000,0x00000059cd800000)]
  0x000001e7b88806b0 JavaThread "Signal Dispatcher" daemon [_thread_blocked, id=14372, stack(0x00000059cd800000,0x00000059cd900000)]
  0x000001e7b8880e40 JavaThread "Attach Listener" daemon [_thread_blocked, id=4332, stack(0x00000059cd900000,0x00000059cda00000)]
  0x000001e7b8881d70 JavaThread "Service Thread" daemon [_thread_blocked, id=11416, stack(0x00000059cda00000,0x00000059cdb00000)]
  0x000001e7b88be010 JavaThread "Monitor Deflation Thread" daemon [_thread_blocked, id=15244, stack(0x00000059cdb00000,0x00000059cdc00000)]
  0x000001e7b88c2180 JavaThread "C1 CompilerThread0" daemon [_thread_blocked, id=13460, stack(0x00000059cdc00000,0x00000059cdd00000)]
  0x000001e7b88c45e0 JavaThread "Sweeper thread" daemon [_thread_blocked, id=14148, stack(0x00000059cdd00000,0x00000059cde00000)]
  0x000001e7ada61910 JavaThread "Common-Cleaner" daemon [_thread_blocked, id=13036, stack(0x00000059cde00000,0x00000059cdf00000)]
  0x000001e7b94cb070 JavaThread "C1 CompilerThread1" daemon [_thread_blocked, id=12948, stack(0x00000059cdf00000,0x00000059ce000000)]
  0x000001e7b9590ed0 JavaThread "Notification Thread" daemon [_thread_blocked, id=8524, stack(0x00000059ce000000,0x00000059ce100000)]

Other Threads:
  0x000001e7b885ef60 VMThread "VM Thread" [stack: 0x00000059cd500000,0x00000059cd600000] [id=2664]
  0x000001e7ad9f0290 GCTaskThread "GC Thread#0" [stack: 0x00000059cd000000,0x00000059cd100000] [id=12388]
  0x000001e7ad9f9aa0 ConcurrentGCThread "G1 Main Marker" [stack: 0x00000059cd100000,0x00000059cd200000] [id=5060]
  0x000001e7ad9fb370 ConcurrentGCThread "G1 Conc#0" [stack: 0x00000059cd200000,0x00000059cd300000] [id=7908]
  0x000001e7ada4cc20 ConcurrentGCThread "G1 Refine#0" [stack: 0x00000059cd300000,0x00000059cd400000] [id=8128]
  0x000001e7ada4d060 ConcurrentGCThread "G1 Service" [stack: 0x00000059cd400000,0x00000059cd500000] [id=13684]

Threads with active compile tasks:

VM state: not at safepoint (normal execution)

VM Mutex/Monitor currently owned by a thread:  ([mutex/lock_event])
[0x000001e7ad9acbb0] Metaspace_lock - owner thread: 0x000001e7ad9b1770

Heap address: 0x00000000c1600000, size: 1002 MB, Compressed Oops mode: 32-bit

CDS archive(s) not mapped
Compressed class space mapped at: 0x0000000100000000-0x0000000140000000, reserved size: 1073741824
Narrow klass base: 0x0000000000000000, Narrow klass shift: 3, Narrow klass range: 0x140000000

GC Precious Log:
 CPUs: 4 total, 4 available
 Memory: 4006M
 Large Page Support: Disabled
 NUMA Support: Disabled
 Compressed Oops: Enabled (32-bit)
 Heap Region Size: 1M
 Heap Min Capacity: 8M
 Heap Initial Capacity: 64M
 Heap Max Capacity: 1002M
 Pre-touch: Disabled
 Parallel Workers: 4
 Concurrent Workers: 1
 Concurrent Refinement Workers: 4
 Periodic GC: Disabled

Heap:
 garbage-first heap   total 65536K, used 1024K [0x00000000c1600000, 0x0000000100000000)
  region size 1024K, 2 young (2048K), 0 survivors (0K)
 Metaspace       used 6021K, committed 6144K, reserved 1056768K
  class space    used 516K, committed 576K, reserved 1048576K

Heap Regions: E=young(eden), S=young(survivor), O=old, HS=humongous(starts), HC=humongous(continues), CS=collection set, F=free, OA=open archive, CA=closed archive, TAMS=top-at-mark-start (previous, next)
|   0|0x00000000c1600000, 0x00000000c1600000, 0x00000000c1700000|  0%| F|  |TAMS 0x00000000c1600000, 0x00000000c1600000| Untracked 
|   1|0x00000000c1700000, 0x00000000c1700000, 0x00000000c1800000|  0%| F|  |TAMS 0x00000000c1700000, 0x00000000c1700000| Untracked 
|   2|0x00000000c1800000, 0x00000000c1800000, 0x00000000c1900000|  0%| F|  |TAMS 0x00000000c1800000, 0x00000000c1800000| Untracked 
|   3|0x00000000c1900000, 0x00000000c1900000, 0x00000000c1a00000|  0%| F|  |TAMS 0x00000000c1900000, 0x00000000c1900000| Untracked 
|   4|0x00000000c1a00000, 0x00000000c1a00000, 0x00000000c1b00000|  0%| F|  |TAMS 0x00000000c1a00000, 0x00000000c1a00000| Untracked 
|   5|0x00000000c1b00000, 0x00000000c1b00000, 0x00000000c1c00000|  0%| F|  |TAMS 0x00000000c1b00000, 0x00000000c1b00000| Untracked 
|   6|0x00000000c1c00000, 0x00000000c1c00000, 0x00000000c1d00000|  0%| F|  |TAMS 0x00000000c1c00000, 0x00000000c1c00000| Untracked 
|   7|0x00000000c1d00000, 0x00000000c1d00000, 0x00000000c1e00000|  0%| F|  |TAMS 0x00000000c1d00000, 0x00000000c1d00000| Untracked 
|   8|0x00000000c1e00000, 0x00000000c1e00000, 0x00000000c1f00000|  0%| F|  |TAMS 0x00000000c1e00000, 0x00000000c1e00000| Untracked 
|   9|0x00000000c1f00000, 0x00000000c1f00000, 0x00000000c2000000|  0%| F|  |TAMS 0x00000000c1f00000, 0x00000000c1f00000| Untracked 
|  10|0x00000000c2000000, 0x00000000c2000000, 0x00000000c2100000|  0%| F|  |TAMS 0x00000000c2000000, 0x00000000c2000000| Untracked 
|  11|0x00000000c2100000, 0x00000000c2100000, 0x00000000c2200000|  0%| F|  |TAMS 0x00000000c2100000, 0x00000000c2100000| Untracked 
|  12|0x00000000c2200000, 0x00000000c2200000, 0x00000000c2300000|  0%| F|  |TAMS 0x00000000c2200000, 0x00000000c2200000| Untracked 
|  13|0x00000000c2300000, 0x00000000c2300000, 0x00000000c2400000|  0%| F|  |TAMS 0x00000000c2300000, 0x00000000c2300000| Untracked 
|  14|0x00000000c2400000, 0x00000000c2400000, 0x00000000c2500000|  0%| F|  |TAMS 0x00000000c2400000, 0x00000000c2400000| Untracked 
|  15|0x00000000c2500000, 0x00000000c2500000, 0x00000000c2600000|  0%| F|  |TAMS 0x00000000c2500000, 0x00000000c2500000| Untracked 
|  16|0x00000000c2600000, 0x00000000c2600000, 0x00000000c2700000|  0%| F|  |TAMS 0x00000000c2600000, 0x00000000c2600000| Untracked 
|  17|0x00000000c2700000, 0x00000000c2700000, 0x00000000c2800000|  0%| F|  |TAMS 0x00000000c2700000, 0x00000000c2700000| Untracked 
|  18|0x00000000c2800000, 0x00000000c2800000, 0x00000000c2900000|  0%| F|  |TAMS 0x00000000c2800000, 0x00000000c2800000| Untracked 
|  19|0x00000000c2900000, 0x00000000c2900000, 0x00000000c2a00000|  0%| F|  |TAMS 0x00000000c2900000, 0x00000000c2900000| Untracked 
|  20|0x00000000c2a00000, 0x00000000c2a00000, 0x00000000c2b00000|  0%| F|  |TAMS 0x00000000c2a00000, 0x00000000c2a00000| Untracked 
|  21|0x00000000c2b00000, 0x00000000c2b00000, 0x00000000c2c00000|  0%| F|  |TAMS 0x00000000c2b00000, 0x00000000c2b00000| Untracked 
|  22|0x00000000c2c00000, 0x00000000c2c00000, 0x00000000c2d00000|  0%| F|  |TAMS 0x00000000c2c00000, 0x00000000c2c00000| Untracked 
|  23|0x00000000c2d00000, 0x00000000c2d00000, 0x00000000c2e00000|  0%| F|  |TAMS 0x00000000c2d00000, 0x00000000c2d00000| Untracked 
|  24|0x00000000c2e00000, 0x00000000c2e00000, 0x00000000c2f00000|  0%| F|  |TAMS 0x00000000c2e00000, 0x00000000c2e00000| Untracked 
|  25|0x00000000c2f00000, 0x00000000c2f00000, 0x00000000c3000000|  0%| F|  |TAMS 0x00000000c2f00000, 0x00000000c2f00000| Untracked 
|  26|0x00000000c3000000, 0x00000000c3000000, 0x00000000c3100000|  0%| F|  |TAMS 0x00000000c3000000, 0x00000000c3000000| Untracked 
|  27|0x00000000c3100000, 0x00000000c3100000, 0x00000000c3200000|  0%| F|  |TAMS 0x00000000c3100000, 0x00000000c3100000| Untracked 
|  28|0x00000000c3200000, 0x00000000c3200000, 0x00000000c3300000|  0%| F|  |TAMS 0x00000000c3200000, 0x00000000c3200000| Untracked 
|  29|0x00000000c3300000, 0x00000000c3300000, 0x00000000c3400000|  0%| F|  |TAMS 0x00000000c3300000, 0x00000000c3300000| Untracked 
|  30|0x00000000c3400000, 0x00000000c3400000, 0x00000000c3500000|  0%| F|  |TAMS 0x00000000c3400000, 0x00000000c3400000| Untracked 
|  31|0x00000000c3500000, 0x00000000c3500000, 0x00000000c3600000|  0%| F|  |TAMS 0x00000000c3500000, 0x00000000c3500000| Untracked 
|  32|0x00000000c3600000, 0x00000000c3600000, 0x00000000c3700000|  0%| F|  |TAMS 0x00000000c3600000, 0x00000000c3600000| Untracked 
|  33|0x00000000c3700000, 0x00000000c3700000, 0x00000000c3800000|  0%| F|  |TAMS 0x00000000c3700000, 0x00000000c3700000| Untracked 
|  34|0x00000000c3800000, 0x00000000c3800000, 0x00000000c3900000|  0%| F|  |TAMS 0x00000000c3800000, 0x00000000c3800000| Untracked 
|  35|0x00000000c3900000, 0x00000000c3900000, 0x00000000c3a00000|  0%| F|  |TAMS 0x00000000c3900000, 0x00000000c3900000| Untracked 
|  36|0x00000000c3a00000, 0x00000000c3a00000, 0x00000000c3b00000|  0%| F|  |TAMS 0x00000000c3a00000, 0x00000000c3a00000| Untracked 
|  37|0x00000000c3b00000, 0x00000000c3b00000, 0x00000000c3c00000|  0%| F|  |TAMS 0x00000000c3b00000, 0x00000000c3b00000| Untracked 
|  38|0x00000000c3c00000, 0x00000000c3c00000, 0x00000000c3d00000|  0%| F|  |TAMS 0x00000000c3c00000, 0x00000000c3c00000| Untracked 
|  39|0x00000000c3d00000, 0x00000000c3d00000, 0x00000000c3e00000|  0%| F|  |TAMS 0x00000000c3d00000, 0x00000000c3d00000| Untracked 
|  40|0x00000000c3e00000, 0x00000000c3e00000, 0x00000000c3f00000|  0%| F|  |TAMS 0x00000000c3e00000, 0x00000000c3e00000| Untracked 
|  41|0x00000000c3f00000, 0x00000000c3f00000, 0x00000000c4000000|  0%| F|  |TAMS 0x00000000c3f00000, 0x00000000c3f00000| Untracked 
|  42|0x00000000c4000000, 0x00000000c4000000, 0x00000000c4100000|  0%| F|  |TAMS 0x00000000c4000000, 0x00000000c4000000| Untracked 
|  43|0x00000000c4100000, 0x00000000c4100000, 0x00000000c4200000|  0%| F|  |TAMS 0x00000000c4100000, 0x00000000c4100000| Untracked 
|  44|0x00000000c4200000, 0x00000000c4200000, 0x00000000c4300000|  0%| F|  |TAMS 0x00000000c4200000, 0x00000000c4200000| Untracked 
|  45|0x00000000c4300000, 0x00000000c4300000, 0x00000000c4400000|  0%| F|  |TAMS 0x00000000c4300000, 0x00000000c4300000| Untracked 
|  46|0x00000000c4400000, 0x00000000c4400000, 0x00000000c4500000|  0%| F|  |TAMS 0x00000000c4400000, 0x00000000c4400000| Untracked 
|  47|0x00000000c4500000, 0x00000000c4500000, 0x00000000c4600000|  0%| F|  |TAMS 0x00000000c4500000, 0x00000000c4500000| Untracked 
|  48|0x00000000c4600000, 0x00000000c4600000, 0x00000000c4700000|  0%| F|  |TAMS 0x00000000c4600000, 0x00000000c4600000| Untracked 
|  49|0x00000000c4700000, 0x00000000c4700000, 0x00000000c4800000|  0%| F|  |TAMS 0x00000000c4700000, 0x00000000c4700000| Untracked 
|  50|0x00000000c4800000, 0x00000000c4800000, 0x00000000c4900000|  0%| F|  |TAMS 0x00000000c4800000, 0x00000000c4800000| Untracked 
|  51|0x00000000c4900000, 0x00000000c4900000, 0x00000000c4a00000|  0%| F|  |TAMS 0x00000000c4900000, 0x00000000c4900000| Untracked 
|  52|0x00000000c4a00000, 0x00000000c4a00000, 0x00000000c4b00000|  0%| F|  |TAMS 0x00000000c4a00000, 0x00000000c4a00000| Untracked 
|  53|0x00000000c4b00000, 0x00000000c4b00000, 0x00000000c4c00000|  0%| F|  |TAMS 0x00000000c4b00000, 0x00000000c4b00000| Untracked 
|  54|0x00000000c4c00000, 0x00000000c4c00000, 0x00000000c4d00000|  0%| F|  |TAMS 0x00000000c4c00000, 0x00000000c4c00000| Untracked 
|  55|0x00000000c4d00000, 0x00000000c4d00000, 0x00000000c4e00000|  0%| F|  |TAMS 0x00000000c4d00000, 0x00000000c4d00000| Untracked 
|  56|0x00000000c4e00000, 0x00000000c4e00000, 0x00000000c4f00000|  0%| F|  |TAMS 0x00000000c4e00000, 0x00000000c4e00000| Untracked 
|  57|0x00000000c4f00000, 0x00000000c4f00000, 0x00000000c5000000|  0%| F|  |TAMS 0x00000000c4f00000, 0x00000000c4f00000| Untracked 
|  58|0x00000000c5000000, 0x00000000c5000000, 0x00000000c5100000|  0%| F|  |TAMS 0x00000000c5000000, 0x00000000c5000000| Untracked 
|  59|0x00000000c5100000, 0x00000000c5100000, 0x00000000c5200000|  0%| F|  |TAMS 0x00000000c5100000, 0x00000000c5100000| Untracked 
|  60|0x00000000c5200000, 0x00000000c5200000, 0x00000000c5300000|  0%| F|  |TAMS 0x00000000c5200000, 0x00000000c5200000| Untracked 
|  61|0x00000000c5300000, 0x00000000c5300000, 0x00000000c5400000|  0%| F|  |TAMS 0x00000000c5300000, 0x00000000c5300000| Untracked 
|  62|0x00000000c5400000, 0x00000000c5500000, 0x00000000c5500000|100%| E|  |TAMS 0x00000000c5400000, 0x00000000c5400000| Complete 
|  63|0x00000000c5500000, 0x00000000c5600000, 0x00000000c5600000|100%| E|CS|TAMS 0x00000000c5500000, 0x00000000c5500000| Complete 

Card table byte_map: [0x000001e7b4070000,0x000001e7b4270000] _byte_map_base: 0x000001e7b3a65000

Marking Bits (Prev, Next): (CMBitMap*) 0x000001e7ad9f07b0, (CMBitMap*) 0x000001e7ad9f07f0
 Prev Bits: [0x000001e7b4470000, 0x000001e7b5418000)
 Next Bits: [0x000001e7b5420000, 0x000001e7b63c8000)

Polling page: 0x000001e7ab780000

Metaspace:

Usage:
  Non-class:      5.38 MB used.
      Class:    516.45 KB used.
       Both:      5.88 MB used.

Virtual space:
  Non-class space:        8.00 MB reserved,       5.44 MB ( 68%) committed,  1 nodes.
      Class space:        1.00 GB reserved,     576.00 KB ( <1%) committed,  1 nodes.
             Both:        1.01 GB reserved,       6.00 MB ( <1%) committed. 

Chunk freelists:
   Non-Class:  2.50 MB
       Class:  3.25 MB
        Both:  5.75 MB

MaxMetaspaceSize: unlimited
CompressedClassSpaceSize: 1.00 GB
Initial GC threshold: 21.00 MB
Current GC threshold: 21.00 MB
CDS: off
MetaspaceReclaimPolicy: balanced
 - commit_granule_bytes: 65536.
 - commit_granule_words: 8192.
 - virtual_space_node_default_size: 1048576.
 - enlarge_chunks_in_place: 1.
 - new_chunks_are_fully_committed: 0.
 - uncommit_free_chunks: 1.
 - use_allocation_guard: 0.
 - handle_deallocations: 1.


Internal statistics:

num_allocs_failed_limit: 0.
num_arena_births: 4.
num_arena_deaths: 0.
num_vsnodes_births: 2.
num_vsnodes_deaths: 0.
num_space_committed: 96.
num_space_uncommitted: 0.
num_chunks_returned_to_freelist: 0.
num_chunks_taken_from_freelist: 15.
num_chunk_merges: 0.
num_chunk_splits: 4.
num_chunks_enlarged: 1.
num_purges: 0.
num_inconsistent_stats: 0.

CodeCache: size=49152Kb used=1863Kb max_used=1863Kb free=47288Kb
 bounds [0x000001e7b1070000, 0x000001e7b12e0000, 0x000001e7b4070000]
 total_blobs=564 nmethods=212 adapters=279
 compilation: enabled
              stopped_count=0, restarted_count=0
 full_count=0

Compilation events (20 events):
Event: 0.554 Thread 0x000001e7b88c2180  203       1       jdk.internal.jimage.ImageStringsReader::unmaskedHashCode (166 bytes)
Event: 0.555 Thread 0x000001e7b88c2180 nmethod 203 0x000001e7b123c510 code [0x000001e7b123c6e0, 0x000001e7b123cbb8]
Event: 0.559 Thread 0x000001e7b88c2180  204       1       java.lang.StringBuilder::append (8 bytes)
Event: 0.559 Thread 0x000001e7b94cb070  205       1       java.lang.AbstractStringBuilder::append (77 bytes)
Event: 0.559 Thread 0x000001e7b88c2180 nmethod 204 0x000001e7b123cf90 code [0x000001e7b123d120, 0x000001e7b123d208]
Event: 0.560 Thread 0x000001e7b94cb070 nmethod 205 0x000001e7b123d290 code [0x000001e7b123d440, 0x000001e7b123d688]
Event: 0.563 Thread 0x000001e7b94cb070  206       1       java.net.URL::getHost (5 bytes)
Event: 0.563 Thread 0x000001e7b94cb070 nmethod 206 0x000001e7b123d810 code [0x000001e7b123d9a0, 0x000001e7b123da78]
Event: 0.564 Thread 0x000001e7b94cb070  207       1       java.io.WinNTFileSystem::isSlash (18 bytes)
Event: 0.564 Thread 0x000001e7b94cb070 nmethod 207 0x000001e7b123db10 code [0x000001e7b123dca0, 0x000001e7b123dd98]
Event: 0.566 Thread 0x000001e7b94cb070  208       1       sun.nio.fs.WindowsPathParser::isSlash (18 bytes)
Event: 0.566 Thread 0x000001e7b88c2180  209       1       sun.nio.fs.WindowsPathParser::isInvalidPathChar (22 bytes)
Event: 0.566 Thread 0x000001e7b94cb070 nmethod 208 0x000001e7b123e110 code [0x000001e7b123e2a0, 0x000001e7b123e378]
Event: 0.566 Thread 0x000001e7b88c2180 nmethod 209 0x000001e7b123e410 code [0x000001e7b123e5a0, 0x000001e7b123e6a8]
Event: 0.573 Thread 0x000001e7b88c2180  210       1       java.io.WinNTFileSystem::isLetter (30 bytes)
Event: 0.573 Thread 0x000001e7b88c2180 nmethod 210 0x000001e7b1240e90 code [0x000001e7b1241020, 0x000001e7b1241138]
Event: 0.580 Thread 0x000001e7b88c2180  211       1       java.io.File::isInvalid (47 bytes)
Event: 0.581 Thread 0x000001e7b88c2180 nmethod 211 0x000001e7b1241190 code [0x000001e7b1241340, 0x000001e7b12414c8]
Event: 0.582 Thread 0x000001e7b88c2180  212       1       java.lang.CharacterDataLatin1::getProperties (11 bytes)
Event: 0.582 Thread 0x000001e7b88c2180 nmethod 212 0x000001e7b1241890 code [0x000001e7b1241a20, 0x000001e7b1241b18]

GC Heap History (0 events):
No events

Deoptimization events (0 events):
No events

Classes unloaded (0 events):
No events

Classes redefined (0 events):
No events

Internal exceptions (0 events):
No events

VM Operations (2 events):
Event: 0.490 Executing VM operation: HandshakeAllThreads
Event: 0.490 Executing VM operation: HandshakeAllThreads done

Events (20 events):
Event: 0.580 loading class java/util/zip/ZipFile$Source$End
Event: 0.580 loading class java/util/zip/ZipFile$Source$End done
Event: 0.581 loading class java/util/zip/ZipUtils
Event: 0.581 loading class java/util/zip/ZipUtils done
Event: 0.581 loading class java/util/concurrent/TimeUnit
Event: 0.581 loading class java/util/concurrent/TimeUnit done
Event: 0.581 loading class java/nio/file/attribute/FileTime
Event: 0.582 loading class java/nio/file/attribute/FileTime done
Event: 0.582 loading class jdk/internal/perf/PerfCounter
Event: 0.582 loading class jdk/internal/perf/PerfCounter done
Event: 0.582 loading class jdk/internal/perf/Perf$GetPerfAction
Event: 0.582 loading class jdk/internal/perf/Perf$GetPerfAction done
Event: 0.582 loading class jdk/internal/perf/Perf
Event: 0.582 loading class jdk/internal/perf/Perf done
Event: 0.582 loading class jdk/internal/perf/PerfCounter$CoreCounters
Event: 0.582 loading class jdk/internal/perf/PerfCounter$CoreCounters done
Event: 0.582 loading class java/nio/DirectLongBufferU
Event: 0.583 loading class java/nio/LongBuffer
Event: 0.583 loading class java/nio/LongBuffer done
Event: 0.583 loading class java/nio/DirectLongBufferU done


Dynamic libraries:
0x00007ff7d8500000 - 0x00007ff7d850e000 	C:\Users\elildes\Documents\App\sts-4.16.1.RELEASE\plugins\org.eclipse.justj.openjdk.hotspot.jre.full.win32.x86_64_17.0.4.v20221004-1257\jre\bin\javaw.exe
0x00007ffb45b90000 - 0x00007ffb45d88000 	C:\WINDOWS\SYSTEM32\ntdll.dll
0x00007ffb45550000 - 0x00007ffb4560f000 	C:\WINDOWS\System32\KERNEL32.DLL
0x00007ffb43650000 - 0x00007ffb43922000 	C:\WINDOWS\System32\KERNELBASE.dll
0x00007ffb43a70000 - 0x00007ffb43b70000 	C:\WINDOWS\System32\ucrtbase.dll
0x00007ffb3aa90000 - 0x00007ffb3aaa8000 	C:\Users\elildes\Documents\App\sts-4.16.1.RELEASE\plugins\org.eclipse.justj.openjdk.hotspot.jre.full.win32.x86_64_17.0.4.v20221004-1257\jre\bin\jli.dll
0x00007ffb2df20000 - 0x00007ffb2df39000 	C:\Users\elildes\Documents\App\sts-4.16.1.RELEASE\plugins\org.eclipse.justj.openjdk.hotspot.jre.full.win32.x86_64_17.0.4.v20221004-1257\jre\bin\VCRUNTIME140.dll
0x00007ffb448b0000 - 0x00007ffb44a4d000 	C:\WINDOWS\System32\USER32.dll
0x00007ffb43930000 - 0x00007ffb43952000 	C:\WINDOWS\System32\win32u.dll
0x00007ffb321b0000 - 0x00007ffb3244a000 	C:\WINDOWS\WinSxS\amd64_microsoft.windows.common-controls_6595b64144ccf1df_6.0.19041.1110_none_60b5254171f9507e\COMCTL32.dll
0x00007ffb459a0000 - 0x00007ffb459cb000 	C:\WINDOWS\System32\GDI32.dll
0x00007ffb44090000 - 0x00007ffb4412e000 	C:\WINDOWS\System32\msvcrt.dll
0x00007ffb43960000 - 0x00007ffb43a6f000 	C:\WINDOWS\System32\gdi32full.dll
0x00007ffb43340000 - 0x00007ffb433dd000 	C:\WINDOWS\System32\msvcp_win.dll
0x00007ffb43c80000 - 0x00007ffb43cb2000 	C:\WINDOWS\System32\IMM32.DLL
0x00007ffb3ed20000 - 0x00007ffb3ed2c000 	C:\Users\elildes\Documents\App\sts-4.16.1.RELEASE\plugins\org.eclipse.justj.openjdk.hotspot.jre.full.win32.x86_64_17.0.4.v20221004-1257\jre\bin\vcruntime140_1.dll
0x00007ffaf9130000 - 0x00007ffaf91c1000 	C:\Users\elildes\Documents\App\sts-4.16.1.RELEASE\plugins\org.eclipse.justj.openjdk.hotspot.jre.full.win32.x86_64_17.0.4.v20221004-1257\jre\bin\msvcp140.dll
0x00007ffadc2b0000 - 0x00007ffadcef6000 	C:\Users\elildes\Documents\App\sts-4.16.1.RELEASE\plugins\org.eclipse.justj.openjdk.hotspot.jre.full.win32.x86_64_17.0.4.v20221004-1257\jre\bin\server\jvm.dll
0x00007ffb44800000 - 0x00007ffb448ae000 	C:\WINDOWS\System32\ADVAPI32.dll
0x00007ffb43be0000 - 0x00007ffb43c7c000 	C:\WINDOWS\System32\sechost.dll
0x00007ffb445a0000 - 0x00007ffb446c5000 	C:\WINDOWS\System32\RPCRT4.dll
0x00007ffb45990000 - 0x00007ffb45998000 	C:\WINDOWS\System32\PSAPI.DLL
0x00007ffb26320000 - 0x00007ffb26329000 	C:\WINDOWS\SYSTEM32\WSOCK32.dll
0x00007ffb45630000 - 0x00007ffb4569b000 	C:\WINDOWS\System32\WS2_32.dll
0x00007ffb34fc0000 - 0x00007ffb34fe7000 	C:\WINDOWS\SYSTEM32\WINMM.dll
0x00007ffb36270000 - 0x00007ffb3627a000 	C:\WINDOWS\SYSTEM32\VERSION.dll
0x00007ffb41110000 - 0x00007ffb41122000 	C:\WINDOWS\SYSTEM32\kernel.appcore.dll
0x00007ffb3aac0000 - 0x00007ffb3aaca000 	C:\Users\elildes\Documents\App\sts-4.16.1.RELEASE\plugins\org.eclipse.justj.openjdk.hotspot.jre.full.win32.x86_64_17.0.4.v20221004-1257\jre\bin\jimage.dll
0x00007ffb335f0000 - 0x00007ffb337d4000 	C:\WINDOWS\SYSTEM32\DBGHELP.DLL
0x00007ffb343d0000 - 0x00007ffb343fc000 	C:\WINDOWS\SYSTEM32\dbgcore.DLL
0x00007ffb433e0000 - 0x00007ffb43462000 	C:\WINDOWS\System32\bcryptPrimitives.dll
0x00007ffae6b80000 - 0x00007ffae6ba5000 	C:\Users\elildes\Documents\App\sts-4.16.1.RELEASE\plugins\org.eclipse.justj.openjdk.hotspot.jre.full.win32.x86_64_17.0.4.v20221004-1257\jre\bin\java.dll
0x00007ffb13610000 - 0x00007ffb13628000 	C:\Users\elildes\Documents\App\sts-4.16.1.RELEASE\plugins\org.eclipse.justj.openjdk.hotspot.jre.full.win32.x86_64_17.0.4.v20221004-1257\jre\bin\zip.dll
0x00007ffb44cd0000 - 0x00007ffb45413000 	C:\WINDOWS\System32\SHELL32.dll
0x00007ffb41310000 - 0x00007ffb41aa2000 	C:\WINDOWS\SYSTEM32\windows.storage.dll
0x00007ffb43d20000 - 0x00007ffb44074000 	C:\WINDOWS\System32\combase.dll
0x00007ffb42b30000 - 0x00007ffb42b60000 	C:\WINDOWS\SYSTEM32\Wldp.dll
0x00007ffb454a0000 - 0x00007ffb4554d000 	C:\WINDOWS\System32\SHCORE.dll
0x00007ffb459d0000 - 0x00007ffb45a25000 	C:\WINDOWS\System32\shlwapi.dll
0x00007ffb431d0000 - 0x00007ffb431ef000 	C:\WINDOWS\SYSTEM32\profapi.dll
0x00007ffb0ccd0000 - 0x00007ffb0cce9000 	C:\Users\elildes\Documents\App\sts-4.16.1.RELEASE\plugins\org.eclipse.justj.openjdk.hotspot.jre.full.win32.x86_64_17.0.4.v20221004-1257\jre\bin\net.dll
0x00007ffb37a20000 - 0x00007ffb37b2c000 	C:\WINDOWS\SYSTEM32\WINHTTP.dll
0x00007ffb07c40000 - 0x00007ffb07c55000 	C:\Users\elildes\Documents\App\sts-4.16.1.RELEASE\plugins\org.eclipse.justj.openjdk.hotspot.jre.full.win32.x86_64_17.0.4.v20221004-1257\jre\bin\nio.dll
0x00007ffb42910000 - 0x00007ffb4297a000 	C:\WINDOWS\SYSTEM32\MSWSOCK.dll

dbghelp: loaded successfully - version: 4.0.5 - missing functions: none
symbol engine: initialized successfully - sym options: 0x614 - pdb path: .;C:\Users\elildes\Documents\App\sts-4.16.1.RELEASE\plugins\org.eclipse.justj.openjdk.hotspot.jre.full.win32.x86_64_17.0.4.v20221004-1257\jre\bin;C:\WINDOWS\SYSTEM32;C:\WINDOWS\WinSxS\amd64_microsoft.windows.common-controls_6595b64144ccf1df_6.0.19041.1110_none_60b5254171f9507e;C:\Users\elildes\Documents\App\sts-4.16.1.RELEASE\plugins\org.eclipse.justj.openjdk.hotspot.jre.full.win32.x86_64_17.0.4.v20221004-1257\jre\bin\server

VM Arguments:
jvm_args: -Dcom.sun.management.jmxremote -Dcom.sun.management.jmxremote.port=50307 -Dcom.sun.management.jmxremote.authenticate=false -Dcom.sun.management.jmxremote.ssl=false -Djava.rmi.server.hostname=localhost -Dspring.jmx.enabled=true -Dspring.application.admin.enabled=true -XX:TieredStopAtLevel=1 -Dspring.boot.project.name=spring-eureka -Dfile.encoding=UTF-8 -XX:+ShowCodeDetailsInExceptionMessages 
java_command: com.elildes.spring.SpringEurekaApplication --spring.output.ansi.enabled=always
java_class_path (initial): C:\Users\elildes\Documents\App\workspace-spring-tool\spring-eureka\target\classes;C:\Users\elildes\.m2\repository\org\springframework\boot\spring-boot-starter-actuator\3.0.0\spring-boot-starter-actuator-3.0.0.jar;C:\Users\elildes\.m2\repository\org\springframework\boot\spring-boot-starter\3.0.0\spring-boot-starter-3.0.0.jar;C:\Users\elildes\.m2\repository\org\springframework\boot\spring-boot-starter-logging\3.0.0\spring-boot-starter-logging-3.0.0.jar;C:\Users\elildes\.m2\repository\ch\qos\logback\logback-classic\1.4.5\logback-classic-1.4.5.jar;C:\Users\elildes\.m2\repository\ch\qos\logback\logback-core\1.4.5\logback-core-1.4.5.jar;C:\Users\elildes\.m2\repository\org\apache\logging\log4j\log4j-to-slf4j\2.19.0\log4j-to-slf4j-2.19.0.jar;C:\Users\elildes\.m2\repository\org\apache\logging\log4j\log4j-api\2.19.0\log4j-api-2.19.0.jar;C:\Users\elildes\.m2\repository\org\slf4j\jul-to-slf4j\2.0.4\jul-to-slf4j-2.0.4.jar;C:\Users\elildes\.m2\repository\jakarta\annotation\jakarta.annotation-api\2.1.1\jakarta.annotation-api-2.1.1.jar;C:\Users\elildes\.m2\repository\org\yaml\snakeyaml\1.33\snakeyaml-1.33.jar;C:\Users\elildes\.m2\repository\org\springframework\boot\spring-boot-actuator-autoconfigure\3.0.0\spring-boot-actuator-autoconfigure-3.0.0.jar;C:\Users\elildes\.m2\repository\org\springframework\boot\spring-boot-actuator\3.0.0\spring-boot-actuator-3.0.0.jar;C:\Users\elildes\.m2\repository\com\fasterxml\jackson\datatype\jackson-datatype-jsr310\2.14.1\jackson-datatype-jsr310-2.14.1.jar;C:\Users\elildes\.m2\repository\io\micrometer\micrometer-observation\1.10.2\micrometer-observation-1.10.2.jar;C:\Users\elildes\.m2\repository\io\micrometer\micrometer-commons\1.10.2\micrometer-commons-1.10.2.jar;C:\Users\elildes\.m2\repository\io\micrometer\micrometer-core\1.10.2\micrometer-core-1.10.2.jar;C:\Users\elildes\.m2\repository\org\hdrhistogram\HdrHistogram\2.1.12\HdrHistogram-2.1.12.jar;C:\Users\elildes\.m2\repository\org\latencyutils\LatencyUtils\2.0.3\Late
Launcher Type: SUN_STANDARD

[Global flags]
     intx CICompilerCount                          = 3                                         {product} {ergonomic}
     uint ConcGCThreads                            = 1                                         {product} {ergonomic}
     uint G1ConcRefinementThreads                  = 4                                         {product} {ergonomic}
   size_t G1HeapRegionSize                         = 1048576                                   {product} {ergonomic}
    uintx GCDrainStackTargetSize                   = 64                                        {product} {ergonomic}
   size_t InitialHeapSize                          = 67108864                                  {product} {ergonomic}
     bool ManagementServer                         = true                                      {product} {command line}
   size_t MarkStackSize                            = 4194304                                   {product} {ergonomic}
   size_t MaxHeapSize                              = 1050673152                                {product} {ergonomic}
   size_t MaxNewSize                               = 630194176                                 {product} {ergonomic}
   size_t MinHeapDeltaBytes                        = 1048576                                   {product} {ergonomic}
   size_t MinHeapSize                              = 8388608                                   {product} {ergonomic}
    uintx NonProfiledCodeHeapSize                  = 0                                      {pd product} {ergonomic}
     bool ProfileInterpreter                       = false                                  {pd product} {command line}
    uintx ProfiledCodeHeapSize                     = 0                                      {pd product} {ergonomic}
     bool ShowCodeDetailsInExceptionMessages       = true                                   {manageable} {command line}
   size_t SoftMaxHeapSize                          = 1050673152                             {manageable} {ergonomic}
     intx TieredStopAtLevel                        = 1                                         {product} {command line}
     bool UseCompressedClassPointers               = true                           {product lp64_product} {ergonomic}
     bool UseCompressedOops                        = true                           {product lp64_product} {ergonomic}
     bool UseG1GC                                  = true                                      {product} {ergonomic}
     bool UseLargePagesIndividualAllocation        = false                                  {pd product} {ergonomic}

Logging:
Log output configuration:
 #0: stdout all=warning uptime,level,tags
 #1: stderr all=off uptime,level,tags

Environment Variables:
PATH=C:/Users/elildes/Documents/App/sts-4.16.1.RELEASE//plugins/org.eclipse.justj.openjdk.hotspot.jre.full.win32.x86_64_17.0.4.v20221004-1257/jre/bin/server;C:/Users/elildes/Documents/App/sts-4.16.1.RELEASE//plugins/org.eclipse.justj.openjdk.hotspot.jre.full.win32.x86_64_17.0.4.v20221004-1257/jre/bin;C:\Program Files\Python311\Scripts\;C:\Program Files\Python311\;C:\Program Files\Common Files\Oracle\Java\javapath;C:\WINDOWS\system32;C:\WINDOWS;C:\WINDOWS\System32\Wbem;C:\WINDOWS\System32\WindowsPowerShell\v1.0\;C:\WINDOWS\System32\OpenSSH\;C:\Program Files\Git\cmd;C:\Program Files\Docker\Docker\resources\bin;C:\Users\elildes\Documents\App\eclipse-jee-2022-06-R;C:\Users\elildes\Documents\App\sts-4.16.1.RELEASE;C:\Program Files\nodejs;C:\ProgramData\chocolatey\bin;C:\Users\elildes\AppData\Local\Microsoft\WindowsApps;;C:\Users\elildes\AppData\Local\Programs\Microsoft VS Code\bin;C:\Users\elildes\AppData\Roaming\npm;C:\Users\elildes\Documents\App\sts-4.16.1.RELEASE;
USERNAME=elildes
OS=Windows_NT
PROCESSOR_IDENTIFIER=Intel64 Family 6 Model 61 Stepping 4, GenuineIntel
TMP=C:\Users\elildes\AppData\Local\Temp
TEMP=C:\Users\elildes\AppData\Local\Temp



---------------  S Y S T E M  ---------------

OS:
 Windows 10 , 64 bit Build 19041 (10.0.19041.2251)
OS uptime: 1 days 3:51 hours
Hyper-V role detected

CPU: total 4 (initial active 4) (2 cores per cpu, 2 threads per core) family 6 model 61 stepping 4 microcode 0x2e, cx8, cmov, fxsr, ht, mmx, 3dnowpref, sse, sse2, sse3, ssse3, sse4.1, sse4.2, popcnt, lzcnt, tsc, tscinvbit, avx, avx2, aes, erms, clmul, bmi1, bmi2, adx, fma, vzeroupper, clflush, hv

Memory: 4k page, system-wide physical 4006M (300M free)
TotalPageFile size 16294M (AvailPageFile size 3M)
current process WorkingSet (physical memory assigned to process): 31M, peak: 31M
current process commit charge ("private bytes"): 124M, peak: 124M

vm_info: OpenJDK 64-Bit Server VM (17.0.4.1+1) for windows-amd64 JRE (17.0.4.1+1), built on Aug 17 2022 07:42:43 by "temurin" with MS VC++ 16.7 (VS2019)

END.
